1648778749.595738 client started (23234): version 3.0a, socket /tmp/tmux-1000/default, protocol 8
1648778749.595798 on Linux 4.4.0-19041-Microsoft #1237-Microsoft Sat Sep 11 14:32:00 PST 2021; libevent 2.1.11-stable (poll)
1648778749.595833 socket is /tmp/tmux-1000/default
1648778749.595859 trying connect
1648778749.595998 add peer 0x7fffd7ea4c00: 6 ((nil))
1648778749.596145 sending message 100 to peer 0x7fffd7ea4c00 (4 bytes)
1648778749.596164 sending message 101 to peer 0x7fffd7ea4c00 (16 bytes)
1648778749.596276 sending message 102 to peer 0x7fffd7ea4c00 (11 bytes)
1648778749.596289 sending message 108 to peer 0x7fffd7ea4c00 (27 bytes)
1648778749.596300 sending message 104 to peer 0x7fffd7ea4c00 (0 bytes)
1648778749.596309 sending message 107 to peer 0x7fffd7ea4c00 (4 bytes)
1648778749.596317 sending message 105 to peer 0x7fffd7ea4c00 (16 bytes)
1648778749.596325 sending message 105 to peer 0x7fffd7ea4c00 (44 bytes)
1648778749.596333 sending message 105 to peer 0x7fffd7ea4c00 (7 bytes)
1648778749.596342 sending message 105 to peer 0x7fffd7ea4c00 (26 bytes)
1648778749.596350 sending message 105 to peer 0x7fffd7ea4c00 (36 bytes)
1648778749.596358 sending message 105 to peer 0x7fffd7ea4c00 (21 bytes)
1648778749.596365 sending message 105 to peer 0x7fffd7ea4c00 (31 bytes)
1648778749.596373 sending message 105 to peer 0x7fffd7ea4c00 (16 bytes)
1648778749.596380 sending message 105 to peer 0x7fffd7ea4c00 (37 bytes)
1648778749.596387 sending message 105 to peer 0x7fffd7ea4c00 (23 bytes)
1648778749.596395 sending message 105 to peer 0x7fffd7ea4c00 (19 bytes)
1648778749.596402 sending message 105 to peer 0x7fffd7ea4c00 (13 bytes)
1648778749.596410 sending message 105 to peer 0x7fffd7ea4c00 (1506 bytes)
1648778749.596427 sending message 105 to peer 0x7fffd7ea4c00 (30 bytes)
1648778749.596436 sending message 105 to peer 0x7fffd7ea4c00 (34 bytes)
1648778749.596443 sending message 105 to peer 0x7fffd7ea4c00 (21 bytes)
1648778749.596451 sending message 105 to peer 0x7fffd7ea4c00 (11 bytes)
1648778749.596458 sending message 105 to peer 0x7fffd7ea4c00 (32 bytes)
1648778749.596465 sending message 105 to peer 0x7fffd7ea4c00 (13 bytes)
1648778749.596473 sending message 105 to peer 0x7fffd7ea4c00 (14 bytes)
1648778749.596480 sending message 105 to peer 0x7fffd7ea4c00 (14 bytes)
1648778749.596488 sending message 105 to peer 0x7fffd7ea4c00 (22 bytes)
1648778749.596495 sending message 105 to peer 0x7fffd7ea4c00 (8 bytes)
1648778749.596502 sending message 105 to peer 0x7fffd7ea4c00 (52 bytes)
1648778749.596510 sending message 105 to peer 0x7fffd7ea4c00 (23 bytes)
1648778749.596517 sending message 105 to peer 0x7fffd7ea4c00 (8 bytes)
1648778749.596525 sending message 105 to peer 0x7fffd7ea4c00 (65 bytes)
1648778749.596532 sending message 105 to peer 0x7fffd7ea4c00 (1164 bytes)
1648778749.596540 sending message 105 to peer 0x7fffd7ea4c00 (16 bytes)
1648778749.596547 sending message 105 to peer 0x7fffd7ea4c00 (16 bytes)
1648778749.596555 sending message 105 to peer 0x7fffd7ea4c00 (65 bytes)
1648778749.596562 sending message 106 to peer 0x7fffd7ea4c00 (0 bytes)
1648778749.596572 sending message 200 to peer 0x7fffd7ea4c00 (4 bytes)
1648778749.596579 client loop enter
1648778749.597224 peer 0x7fffd7ea4c00 message 211
1648778749.597239 client_write: sessions should be nested with care, unset $TMUX to force\n
1648778749.597256 peer 0x7fffd7ea4c00 message 203
1648778749.597264 client loop exit
