INFO:  latexindent.pl version 3.15, 2022-01-21, a script to indent .tex files
       latexindent.pl lives here: /home/yexiang/anaconda3/bin/
       Sun Mar 20 16:02:22 2022
       Filename: my_file.tex
INFO:  Processing switches:
       -l|--localSettings: Read localSettings YAML file
       -m|--modifylinebreaks: modify line breaks
INFO:  Directory for backup files and indent.log: .
INFO:  Perl modules are being loaded from the following directories:
       /home/yexiang/anaconda3/lib/perl5/core_perl/FindBin.pm
       /home/yexiang/anaconda3/lib/perl5/vendor_perl/YAML/Tiny.pm
       /home/yexiang/anaconda3/lib/perl5/core_perl/File/Copy.pm
       /home/yexiang/anaconda3/lib/perl5/core_perl/File/Basename.pm
       /home/yexiang/anaconda3/lib/perl5/core_perl/Getopt/Long.pm
       /home/yexiang/anaconda3/lib/perl5/vendor_perl/File/HomeDir.pm
INFO:  LatexIndent perl modules are being loaded from, for example:
       /home/yexiang/anaconda3/bin/LatexIndent/Document.pm
INFO:  YAML settings read: defaultSettings.yaml
       Reading defaultSettings.yaml from /home/yexiang/anaconda3/bin/defaultSettings.yaml
       Reading defaultSettings.yaml (2nd attempt) from /home/yexiang/anaconda3/bin/../../texmf-dist/scripts/latexindent/defaultSettings.yaml
       and then, if necessary, /home/yexiang/anaconda3/bin/LatexIndent/defaultSettings.yaml
INFO:  YAML settings read: indentconfig.yaml or .indentconfig.yaml
       Home directory is /home/yexiang (didn't find either indentconfig.yaml or .indentconfig.yaml)
       To specify user settings you would put indentconfig.yaml here: /home/yexiang/indentconfig.yaml
       Alternatively, you can use the hidden file .indentconfig.yaml as: /home/yexiang/.indentconfig.yaml
INFO:  YAML settings read: -l switch
       Adding xy.yaml to YAML read paths
INFO:  YAML settings, reading from the following files:
       Reading USER settings from xy.yaml
       ---
       modifyLineBreaks:
         textWrapOptions:
           columns: '80'
           multipleSpacesToSingle: '1'

INFO:  Phase 1: searching for objects
       No objects found.
INFO:  Phase 2: finding surrounding indentation
INFO:  Phase 3: indenting objects
INFO:  Phase 4: final indentation check
INFO:  Output routine:
       Not outputting to file; see -w and -o switches for more options.
       --------------
INFO:  Please direct all communication/issues to:
        https://github.com/cmhughes/latexindent.pl
